2020-05-31 17:18:23  [ qtp1611966906-22:0 ] - [ INFO ]  service=http://localhost:8082/oa/list,ticket=null,username=
2020-05-31 17:18:23  [ qtp1611966906-22:0 ] - [ INFO ]  service=http://localhost:8082/oa/list,ticket=null
2020-05-31 17:18:23  [ qtp1611966906-22:0 ] - [ INFO ]  username=cloud
2020-05-31 17:18:23  [ qtp1611966906-22:0 ] - [ INFO ]  url=http://localhost:8082/oa/list?ticket=cloud1590916703894
2020-05-31 17:18:24  [ qtp1611966906-21:179 ] - [ INFO ]  service=null,ticket=cloud1590916703894,username=
2020-05-31 17:18:24  [ qtp1611966906-21:194 ] - [ INFO ]  service=null,ticket=cloud1590916703894
2020-05-31 17:21:35  [ qtp1611966906-22:191602 ] - [ INFO ]  service=http://localhost:8082/oa/list,ticket=null,username=
2020-05-31 17:21:35  [ qtp1611966906-22:191604 ] - [ INFO ]  service=http://localhost:8082/oa/list,ticket=null
2020-05-31 17:21:35  [ qtp1611966906-22:191605 ] - [ INFO ]  username=
2020-05-31 17:31:02  [ qtp1611966906-21:758546 ] - [ INFO ]  service=http://localhost:8082/oa/list,ticket=null,username=
2020-05-31 17:31:02  [ qtp1611966906-21:758547 ] - [ INFO ]  service=http://localhost:8082/oa/list,ticket=null
2020-05-31 17:31:02  [ qtp1611966906-21:758548 ] - [ INFO ]  username=
2020-05-31 17:31:02  [ qtp1611966906-21:758549 ] - [ INFO ]  username=cloud,password=cloud,service=http://localhost:8082/oa/list
2020-05-31 17:31:02  [ qtp1611966906-21:758552 ] - [ INFO ]  service=http://localhost:8082/oa/list
2020-05-31 17:31:02  [ qtp1611966906-21:758553 ] - [ INFO ]  url=http://localhost:8082/oa/list?ticket=cloud1590917462445
2020-05-31 17:31:02  [ qtp1611966906-22:758603 ] - [ INFO ]  service=null,ticket=cloud1590917462445,username=
2020-05-31 17:31:02  [ qtp1611966906-22:758604 ] - [ INFO ]  service=null,ticket=cloud1590917462445
2020-05-31 17:42:51  [ qtp1611966906-21:1467246 ] - [ INFO ]  service=http://localhost:8082/oa/list,ticket=null,username=
2020-05-31 17:42:51  [ qtp1611966906-21:1467247 ] - [ INFO ]  service=http://localhost:8082/oa/list,ticket=null
2020-05-31 17:42:51  [ qtp1611966906-21:1467247 ] - [ INFO ]  username=
2020-05-31 18:06:57  [ qtp1611966906-20:2913243 ] - [ INFO ]  service=http://localhost:8082/oa/list,ticket=null,username=
2020-05-31 18:06:57  [ qtp1611966906-20:2913243 ] - [ INFO ]  service=http://localhost:8082/oa/list,ticket=null
2020-05-31 18:06:57  [ qtp1611966906-20:2913244 ] - [ INFO ]  username=
2020-05-31 18:07:34  [ qtp1611966906-21:2951023 ] - [ INFO ]  service=http://localhost:8082/oa/list,ticket=null,username=
2020-05-31 18:07:34  [ qtp1611966906-21:2951024 ] - [ INFO ]  service=http://localhost:8082/oa/list,ticket=null
2020-05-31 18:07:34  [ qtp1611966906-21:2951025 ] - [ INFO ]  username=
2020-05-31 18:25:22  [ qtp204354148-21:0 ] - [ INFO ]  service=http://localhost:8082/oa/list,ticket=null,username=
2020-05-31 18:25:22  [ qtp204354148-21:4 ] - [ INFO ]  service=http://localhost:8082/oa/list,ticket=null
2020-05-31 18:25:22  [ qtp204354148-21:5 ] - [ INFO ]  username=
2020-05-31 18:34:49  [ qtp1728057672-23:0 ] - [ INFO ]  service=http://localhost:8082/oa/list,ticket=null
2020-05-31 18:34:49  [ qtp1728057672-23:4 ] - [ INFO ]  cookies=[Ljavax.servlet.http.Cookie;@2b35002a
2020-05-31 18:34:49  [ qtp1728057672-23:4 ] - [ INFO ]  cookies=1
2020-05-31 18:34:49  [ qtp1728057672-23:5 ] - [ INFO ]  service=http://localhost:8082/oa/list,ticket=null
2020-05-31 18:34:49  [ qtp1728057672-23:6 ] - [ INFO ]  username=
2020-05-31 18:34:49  [ qtp1728057672-23:7 ] - [ INFO ]   doFilter
2020-05-31 18:39:44  [ qtp1728057672-23:295505 ] - [ INFO ]  service=http://localhost:8082/oa/list,ticket=null
2020-05-31 18:39:44  [ qtp1728057672-23:295506 ] - [ INFO ]  cookies=[Ljavax.servlet.http.Cookie;@533994aa
2020-05-31 18:39:44  [ qtp1728057672-23:295507 ] - [ INFO ]  cookies=1
2020-05-31 18:39:44  [ qtp1728057672-23:295507 ] - [ INFO ]  service=http://localhost:8082/oa/list,ticket=null
2020-05-31 18:39:44  [ qtp1728057672-23:295508 ] - [ INFO ]  username=
2020-05-31 18:39:44  [ qtp1728057672-23:295509 ] - [ INFO ]   doFilter
2020-05-31 18:39:44  [ qtp1728057672-23:295511 ] - [ INFO ]  username=cloud,password=cloud,service=http://localhost:8082/oa/list
2020-05-31 18:39:44  [ qtp1728057672-23:295514 ] - [ INFO ]  service=http://localhost:8082/oa/list
2020-05-31 18:39:44  [ qtp1728057672-23:295515 ] - [ INFO ]  url=http://localhost:8082/oa/list?ticket=cloud1590921584651
2020-05-31 18:39:44  [ qtp1728057672-22:295685 ] - [ INFO ]  service=null,ticket=cloud1590921584651
2020-05-31 18:39:44  [ qtp1728057672-22:295687 ] - [ INFO ]  cookies=[Ljavax.servlet.http.Cookie;@1f848264
2020-05-31 18:39:44  [ qtp1728057672-22:295688 ] - [ INFO ]  cookies=0
2020-05-31 18:39:44  [ qtp1728057672-22:295689 ] - [ INFO ]  service=null,ticket=cloud1590921584651
2020-05-31 18:39:44  [ qtp1728057672-22:295690 ] - [ INFO ]  do doFilter
